[2021-09-28 20:41:59,859] {taskinstance.py:903} INFO - Dependencies all met for <TaskInstance: example_python_operator.virtualenv_python 2021-09-28T23:41:08.906290+00:00 [queued]>
[2021-09-28 20:41:59,869] {taskinstance.py:903} INFO - Dependencies all met for <TaskInstance: example_python_operator.virtualenv_python 2021-09-28T23:41:08.906290+00:00 [queued]>
[2021-09-28 20:41:59,869] {taskinstance.py:1095} INFO - 
--------------------------------------------------------------------------------
[2021-09-28 20:41:59,869] {taskinstance.py:1096} INFO - Starting attempt 1 of 1
[2021-09-28 20:41:59,869] {taskinstance.py:1097} INFO - 
--------------------------------------------------------------------------------
[2021-09-28 20:41:59,877] {taskinstance.py:1115} INFO - Executing <Task(PythonVirtualenvOperator): virtualenv_python> on 2021-09-28T23:41:08.906290+00:00
[2021-09-28 20:41:59,879] {standard_task_runner.py:52} INFO - Started process 36907 to run task
[2021-09-28 20:41:59,888] {standard_task_runner.py:76} INFO - Running: ['airflow', 'tasks', 'run', 'example_python_operator', 'virtualenv_python', '2021-09-28T23:41:08.906290+00:00', '--job-id', '3', '--pool', 'default_pool', '--raw', '--subdir', '/Users/raphael/Galpao/data_engineer/data_pipeline/.env/lib/python3.9/site-packages/airflow/example_dags/example_python_operator.py', '--cfg-path', '/var/folders/sv/cwmzcmzd1c1bs9xmt2y9mx3r0000gp/T/tmpr_zd8vu2', '--error-file', '/var/folders/sv/cwmzcmzd1c1bs9xmt2y9mx3r0000gp/T/tmpxfy8fcpi']
[2021-09-28 20:41:59,890] {standard_task_runner.py:77} INFO - Job 3: Subtask virtualenv_python
[2021-09-28 20:42:04,931] {logging_mixin.py:109} INFO - Running <TaskInstance: example_python_operator.virtualenv_python 2021-09-28T23:41:08.906290+00:00 [running]> on host 1.0.0.127.in-addr.arpa
[2021-09-28 20:42:10,036] {taskinstance.py:1252} INFO - Exporting the following env vars:
AIRFLOW_CTX_DAG_OWNER=airflow
AIRFLOW_CTX_DAG_ID=example_python_operator
AIRFLOW_CTX_TASK_ID=virtualenv_python
AIRFLOW_CTX_EXECUTION_DATE=2021-09-28T23:41:08.906290+00:00
AIRFLOW_CTX_DAG_RUN_ID=manual__2021-09-28T23:41:08.906290+00:00
[2021-09-28 20:42:10,038] {process_utils.py:135} INFO - Executing cmd: virtualenv /var/folders/sv/cwmzcmzd1c1bs9xmt2y9mx3r0000gp/T/venv0p47z9x_
[2021-09-28 20:42:10,044] {process_utils.py:139} INFO - Output:
[2021-09-28 20:42:12,020] {process_utils.py:143} INFO - created virtual environment CPython3.9.6.final.0-64 in 1640ms
[2021-09-28 20:42:12,021] {process_utils.py:143} INFO -   creator CPython3Posix(dest=/private/var/folders/sv/cwmzcmzd1c1bs9xmt2y9mx3r0000gp/T/venv0p47z9x_, clear=False, no_vcs_ignore=False, global=False)
[2021-09-28 20:42:12,022] {process_utils.py:143} INFO -   seeder FromAppData(download=False, pip=bundle, setuptools=bundle, wheel=bundle, via=copy, app_data_dir=/Users/raphael/Library/Application Support/virtualenv)
[2021-09-28 20:42:12,022] {process_utils.py:143} INFO -     added seed packages: pip==21.2.3, setuptools==57.4.0, wheel==0.37.0
[2021-09-28 20:42:12,023] {process_utils.py:143} INFO -   activators BashActivator,CShellActivator,FishActivator,PowerShellActivator,PythonActivator
[2021-09-28 20:42:12,066] {process_utils.py:135} INFO - Executing cmd: /var/folders/sv/cwmzcmzd1c1bs9xmt2y9mx3r0000gp/T/venv0p47z9x_/bin/pip install colorama==0.4.0
[2021-09-28 20:42:12,072] {process_utils.py:139} INFO - Output:
[2021-09-28 20:42:19,256] {process_utils.py:143} INFO - Collecting colorama==0.4.0
[2021-09-28 20:42:19,391] {process_utils.py:143} INFO -   Downloading colorama-0.4.0-py2.py3-none-any.whl (21 kB)
[2021-09-28 20:42:19,687] {process_utils.py:143} INFO - Installing collected packages: colorama
[2021-09-28 20:42:19,844] {process_utils.py:143} INFO - Successfully installed colorama-0.4.0
[2021-09-28 20:42:20,675] {process_utils.py:143} INFO - WARNING: You are using pip version 21.2.3; however, version 21.2.4 is available.
[2021-09-28 20:42:20,677] {process_utils.py:143} INFO - You should consider upgrading via the '/private/var/folders/sv/cwmzcmzd1c1bs9xmt2y9mx3r0000gp/T/venv0p47z9x_/bin/python -m pip install --upgrade pip' command.
[2021-09-28 20:42:21,011] {process_utils.py:135} INFO - Executing cmd: /var/folders/sv/cwmzcmzd1c1bs9xmt2y9mx3r0000gp/T/venv0p47z9x_/bin/python /var/folders/sv/cwmzcmzd1c1bs9xmt2y9mx3r0000gp/T/venv0p47z9x_/script.py /var/folders/sv/cwmzcmzd1c1bs9xmt2y9mx3r0000gp/T/venv0p47z9x_/script.in /var/folders/sv/cwmzcmzd1c1bs9xmt2y9mx3r0000gp/T/venv0p47z9x_/script.out /var/folders/sv/cwmzcmzd1c1bs9xmt2y9mx3r0000gp/T/venv0p47z9x_/string_args.txt
[2021-09-28 20:42:21,019] {process_utils.py:139} INFO - Output:
[2021-09-28 20:42:21,156] {process_utils.py:143} INFO - [31msome red text
[2021-09-28 20:42:21,157] {process_utils.py:143} INFO - [42mand with a green background
[2021-09-28 20:42:21,158] {process_utils.py:143} INFO - [2mand in dim text
[2021-09-28 20:42:21,158] {process_utils.py:143} INFO - [0m
[2021-09-28 20:42:21,159] {process_utils.py:143} INFO - [2mPlease wait...
[2021-09-28 20:42:31,157] {process_utils.py:143} INFO - [2mPlease wait...
[2021-09-28 20:42:41,161] {process_utils.py:143} INFO - [2mPlease wait...
